<?xml version="1.0" encoding="utf-8"?>
<coverage line-rate="0.3979" branch-rate="0.39" version="1.9" timestamp="1683286220" lines-covered="312" lines-valid="784" branches-covered="39" branches-valid="100">
  <sources>
    <source>C:\projects\TDD_DDD_CleanArchitecture_ZeroSigmaServer\</source>
  </sources>
  <packages>
    <package name="ZeroSigma.Application" line-rate="0.37" branch-rate="0.3157" complexity="95">
      <classes>
        <class name="ZeroSigma.Application.DTO.Authentication.AuthenticationResponse" filename="ZeroSigma.Application\DTO\Authentication\AuthenticationResponse.cs" line-rate="1" branch-rate="1" complexity="5">
          <methods>
            <method name="get_Id" signature="()" line-rate="1" branch-rate="1" complexity="1">
              <lines>
                <line number="11" hits="1" branch="False" />
              </lines>
            </method>
            <method name="get_FullName" signature="()" line-rate="1" branch-rate="1" complexity="1">
              <lines>
                <line number="12" hits="2" branch="False" />
              </lines>
            </method>
            <method name="get_Email" signature="()" line-rate="1" branch-rate="1" complexity="1">
              <lines>
                <line number="13" hits="2" branch="False" />
              </lines>
            </method>
            <method name="get_AccessToken" signature="()" line-rate="1" branch-rate="1" complexity="1">
              <lines>
                <line number="14" hits="2" branch="False" />
              </lines>
            </method>
            <method name="get_RefreshToken" signature="()" line-rate="1" branch-rate="1" complexity="1">
              <lines>
                <line number="15" hits="2" branch="False" />
              </lines>
            </method>
          </methods>
          <lines>
            <line number="11" hits="1" branch="False" />
            <line number="12" hits="2" branch="False" />
            <line number="13" hits="2" branch="False" />
            <line number="14" hits="2" branch="False" />
            <line number="15" hits="2" branch="False" />
          </lines>
        </class>
        <class name="ZeroSigma.Application.DTO.Authentication.LoginRequest" filename="ZeroSigma.Application\DTO\Authentication\LoginRequest.cs" line-rate="0" branch-rate="1" complexity="2">
          <methods>
            <method name="get_Email" signature="()" line-rate="0" branch-rate="1" complexity="1">
              <lines>
                <line number="11" hits="0" branch="False" />
              </lines>
            </method>
            <method name="get_Password" signature="()" line-rate="0" branch-rate="1" complexity="1">
              <lines>
                <line number="12" hits="0" branch="False" />
              </lines>
            </method>
          </methods>
          <lines>
            <line number="11" hits="0" branch="False" />
            <line number="12" hits="0" branch="False" />
          </lines>
        </class>
        <class name="ZeroSigma.Application.DTO.Authentication.LoginValidationResponse" filename="ZeroSigma.Application\DTO\Authentication\LoginValidationResponse.cs" line-rate="0" branch-rate="1" complexity="2">
          <methods>
            <method name="get_AuthenticationResponse" signature="()" line-rate="0" branch-rate="1" complexity="1">
              <lines>
                <line number="11" hits="0" branch="False" />
              </lines>
            </method>
            <method name="get_AccessToken" signature="()" line-rate="0" branch-rate="1" complexity="1">
              <lines>
                <line number="12" hits="0" branch="False" />
              </lines>
            </method>
          </methods>
          <lines>
            <line number="11" hits="0" branch="False" />
            <line number="12" hits="0" branch="False" />
          </lines>
        </class>
        <class name="ZeroSigma.Application.DTO.Authentication.NewSessionRequest" filename="ZeroSigma.Application\DTO\Authentication\NewSessionRequest.cs" line-rate="0" branch-rate="1" complexity="3">
          <methods>
            <method name="get_accessToken" signature="()" line-rate="0" branch-rate="1" complexity="1">
              <lines>
                <line number="11" hits="0" branch="False" />
              </lines>
            </method>
            <method name="get_refreshToken" signature="()" line-rate="0" branch-rate="1" complexity="1">
              <lines>
                <line number="12" hits="0" branch="False" />
              </lines>
            </method>
            <method name=".ctor" signature="(System.String,System.String)" line-rate="0" branch-rate="1" complexity="1">
              <lines>
                <line number="9" hits="0" branch="False" />
                <line number="10" hits="0" branch="False" />
                <line number="13" hits="0" branch="False" />
              </lines>
            </method>
          </methods>
          <lines>
            <line number="11" hits="0" branch="False" />
            <line number="12" hits="0" branch="False" />
            <line number="9" hits="0" branch="False" />
            <line number="10" hits="0" branch="False" />
            <line number="13" hits="0" branch="False" />
          </lines>
        </class>
        <class name="ZeroSigma.Application.DTO.Authentication.NewSessionResponse" filename="ZeroSigma.Application\DTO\Authentication\NewSessionResponse.cs" line-rate="0" branch-rate="1" complexity="3">
          <methods>
            <method name="get_AccessToken" signature="()" line-rate="0" branch-rate="1" complexity="1">
              <lines>
                <line number="11" hits="0" branch="False" />
              </lines>
            </method>
            <method name="get_RefreshToken" signature="()" line-rate="0" branch-rate="1" complexity="1">
              <lines>
                <line number="12" hits="0" branch="False" />
              </lines>
            </method>
            <method name=".ctor" signature="(System.String,System.String)" line-rate="0" branch-rate="1" complexity="1">
              <lines>
                <line number="9" hits="0" branch="False" />
                <line number="10" hits="0" branch="False" />
                <line number="13" hits="0" branch="False" />
              </lines>
            </method>
          </methods>
          <lines>
            <line number="11" hits="0" branch="False" />
            <line number="12" hits="0" branch="False" />
            <line number="9" hits="0" branch="False" />
            <line number="10" hits="0" branch="False" />
            <line number="13" hits="0" branch="False" />
          </lines>
        </class>
        <class name="ZeroSigma.Application.DTO.Authentication.RegisterRequest" filename="ZeroSigma.Application\DTO\Authentication\RegisterRequest.cs" line-rate="1" branch-rate="1" complexity="3">
          <methods>
            <method name="get_FullName" signature="()" line-rate="1" branch-rate="1" complexity="1">
              <lines>
                <line number="11" hits="18" branch="False" />
              </lines>
            </method>
            <method name="get_Email" signature="()" line-rate="1" branch-rate="1" complexity="1">
              <lines>
                <line number="12" hits="18" branch="False" />
              </lines>
            </method>
            <method name="get_Password" signature="()" line-rate="1" branch-rate="1" complexity="1">
              <lines>
                <line number="13" hits="18" branch="False" />
              </lines>
            </method>
          </methods>
          <lines>
            <line number="11" hits="18" branch="False" />
            <line number="12" hits="18" branch="False" />
            <line number="13" hits="18" branch="False" />
          </lines>
        </class>
        <class name="ZeroSigma.Application.DTO.Authentication.SignUpResponse" filename="ZeroSigma.Application\DTO\Authentication\SignUpResponse.cs" line-rate="1" branch-rate="1" complexity="4">
          <methods>
            <method name="get_UserId" signature="()" line-rate="1" branch-rate="1" complexity="1">
              <lines>
                <line number="11" hits="1" branch="False" />
              </lines>
            </method>
            <method name="get_FullName" signature="()" line-rate="1" branch-rate="1" complexity="1">
              <lines>
                <line number="12" hits="2" branch="False" />
              </lines>
            </method>
            <method name="get_Email" signature="()" line-rate="1" branch-rate="1" complexity="1">
              <lines>
                <line number="13" hits="2" branch="False" />
              </lines>
            </method>
            <method name="get_Message" signature="()" line-rate="1" branch-rate="1" complexity="1">
              <lines>
                <line number="14" hits="3" branch="False" />
              </lines>
            </method>
          </methods>
          <lines>
            <line number="11" hits="1" branch="False" />
            <line number="12" hits="2" branch="False" />
            <line number="13" hits="2" branch="False" />
            <line number="14" hits="3" branch="False" />
          </lines>
        </class>
        <class name="ZeroSigma.Application.DependencyInjection.DependencyInjection" filename="ZeroSigma.Application\DependencyInjection\DependencyInjection.cs" line-rate="0" branch-rate="1" complexity="1">
          <methods>
            <method name="AddApplication" signature="(Microsoft.Extensions.DependencyInjection.IServiceCollection)" line-rate="0" branch-rate="1" complexity="1">
              <lines>
                <line number="15" hits="0" branch="False" />
                <line number="16" hits="0" branch="False" />
                <line number="17" hits="0" branch="False" />
                <line number="18" hits="0" branch="False" />
                <line number="19" hits="0" branch="False" />
                <line number="20" hits="0" branch="False" />
                <line number="21" hits="0" branch="False" />
                <line number="22" hits="0" branch="False" />
                <line number="23" hits="0" branch="False" />
              </lines>
            </method>
          </methods>
          <lines>
            <line number="15" hits="0" branch="False" />
            <line number="16" hits="0" branch="False" />
            <line number="17" hits="0" branch="False" />
            <line number="18" hits="0" branch="False" />
            <line number="19" hits="0" branch="False" />
            <line number="20" hits="0" branch="False" />
            <line number="21" hits="0" branch="False" />
            <line number="22" hits="0" branch="False" />
            <line number="23" hits="0" branch="False" />
          </lines>
        </class>
        <class name="ZeroSigma.Application.Authentication.Services.ValidationServices.SignUp.SignUpValidationService" filename="ZeroSigma.Application\Authentication\Services\ValidationServices\SignUp\SignUpValidationService.cs" line-rate="1" branch-rate="1" complexity="1">
          <methods>
            <method name=".ctor" signature="(ZeroSigma.Application.Authentication.Services.ProcessingServices.SignUpProcessingServices.ISignUpProcessingService,ZeroSigma.Application.Interfaces.IUserRepository)" line-rate="1" branch-rate="1" complexity="1">
              <lines>
                <line number="24" hits="6" branch="False" />
                <line number="25" hits="6" branch="False" />
                <line number="26" hits="6" branch="False" />
                <line number="27" hits="6" branch="False" />
                <line number="28" hits="6" branch="False" />
                <line number="29" hits="6" branch="False" />
                <line number="30" hits="6" branch="False" />
                <line number="31" hits="6" branch="False" />
              </lines>
            </method>
          </methods>
          <lines>
            <line number="24" hits="6" branch="False" />
            <line number="25" hits="6" branch="False" />
            <line number="26" hits="6" branch="False" />
            <line number="27" hits="6" branch="False" />
            <line number="28" hits="6" branch="False" />
            <line number="29" hits="6" branch="False" />
            <line number="30" hits="6" branch="False" />
            <line number="31" hits="6" branch="False" />
          </lines>
        </class>
        <class name="ZeroSigma.Application.Authentication.Services.ValidationServices.SignUp.SignUpValidationService/&lt;ValidateUser&gt;d__3" filename="ZeroSigma.Application\Authentication\Services\ValidationServices\SignUp\SignUpValidationService.cs" line-rate="0.9229999999999999" branch-rate="0.875" complexity="8">
          <methods>
            <method name="MoveNext" signature="()" line-rate="0.9229999999999999" branch-rate="0.875" complexity="8">
              <lines>
                <line number="34" hits="6" branch="False" />
                <line number="35" hits="6" branch="False" />
                <line number="36" hits="6" branch="False" />
                <line number="37" hits="6" branch="False" />
                <line number="38" hits="6" branch="True" condition-coverage="50% (1/2)">
                  <conditions>
                    <condition number="111" type="jump" coverage="50%" />
                  </conditions>
                </line>
                <line number="39" hits="0" branch="False" />
                <line number="40" hits="0" branch="False" />
                <line number="42" hits="6" branch="True" condition-coverage="100% (2/2)">
                  <conditions>
                    <condition number="152" type="jump" coverage="100%" />
                  </conditions>
                </line>
                <line number="43" hits="1" branch="False" />
                <line number="44" hits="1" branch="False" />
                <line number="46" hits="5" branch="True" condition-coverage="100% (2/2)">
                  <conditions>
                    <condition number="195" type="jump" coverage="100%" />
                  </conditions>
                </line>
                <line number="47" hits="3" branch="False" />
                <line number="48" hits="3" branch="False" />
                <line number="50" hits="2" branch="True" condition-coverage="100% (2/2)">
                  <conditions>
                    <condition number="371" type="jump" coverage="100%" />
                  </conditions>
                </line>
                <line number="51" hits="1" branch="False" />
                <line number="52" hits="1" branch="False" />
                <line number="54" hits="1" branch="False" />
                <line number="55" hits="1" branch="False" />
                <line number="56" hits="1" branch="False" />
                <line number="57" hits="1" branch="False" />
                <line number="58" hits="1" branch="False" />
                <line number="59" hits="1" branch="False" />
                <line number="60" hits="1" branch="False" />
                <line number="61" hits="1" branch="False" />
                <line number="62" hits="1" branch="False" />
                <line number="64" hits="6" branch="False" />
              </lines>
            </method>
          </methods>
          <lines>
            <line number="34" hits="6" branch="False" />
            <line number="35" hits="6" branch="False" />
            <line number="36" hits="6" branch="False" />
            <line number="37" hits="6" branch="False" />
            <line number="38" hits="6" branch="True" condition-coverage="50% (1/2)">
              <conditions>
                <condition number="111" type="jump" coverage="50%" />
              </conditions>
            </line>
            <line number="39" hits="0" branch="False" />
            <line number="40" hits="0" branch="False" />
            <line number="42" hits="6" branch="True" condition-coverage="100% (2/2)">
              <conditions>
                <condition number="152" type="jump" coverage="100%" />
              </conditions>
            </line>
            <line number="43" hits="1" branch="False" />
            <line number="44" hits="1" branch="False" />
            <line number="46" hits="5" branch="True" condition-coverage="100% (2/2)">
              <conditions>
                <condition number="195" type="jump" coverage="100%" />
              </conditions>
            </line>
            <line number="47" hits="3" branch="False" />
            <line number="48" hits="3" branch="False" />
            <line number="50" hits="2" branch="True" condition-coverage="100% (2/2)">
              <conditions>
                <condition number="371" type="jump" coverage="100%" />
              </conditions>
            </line>
            <line number="51" hits="1" branch="False" />
            <line number="52" hits="1" branch="False" />
            <line number="54" hits="1" branch="False" />
            <line number="55" hits="1" branch="False" />
            <line number="56" hits="1" branch="False" />
            <line number="57" hits="1" branch="False" />
            <line number="58" hits="1" branch="False" />
            <line number="59" hits="1" branch="False" />
            <line number="60" hits="1" branch="False" />
            <line number="61" hits="1" branch="False" />
            <line number="62" hits="1" branch="False" />
            <line number="64" hits="6" branch="False" />
          </lines>
        </class>
        <class name="ZeroSigma.Application.Authentication.Services.ValidationServices.Login.LoginValidationService" filename="ZeroSigma.Application\Authentication\Services\ValidationServices\Login\LoginValidationService.cs" line-rate="1" branch-rate="1" complexity="1">
          <methods>
            <method name=".ctor" signature="(ZeroSigma.Application.Authentication.Services.Encryption.IEncryptionService,ZeroSigma.Application.Authentication.Services.ProcessingServices.AuthenticationProcessingServices.ILoginProcessingService,ZeroSigma.Application.Common.Authentication.IAccessTokenProvider,ZeroSigma.Application.Common.Authentication.IRefreshTokenProvider)" line-rate="1" branch-rate="1" complexity="1">
              <lines>
                <line number="18" hits="3" branch="False" />
                <line number="19" hits="3" branch="False" />
                <line number="20" hits="3" branch="False" />
                <line number="21" hits="3" branch="False" />
                <line number="22" hits="3" branch="False" />
                <line number="23" hits="3" branch="False" />
                <line number="24" hits="3" branch="False" />
                <line number="25" hits="3" branch="False" />
                <line number="26" hits="3" branch="False" />
                <line number="27" hits="3" branch="False" />
                <line number="28" hits="3" branch="False" />
                <line number="29" hits="3" branch="False" />
              </lines>
            </method>
          </methods>
          <lines>
            <line number="18" hits="3" branch="False" />
            <line number="19" hits="3" branch="False" />
            <line number="20" hits="3" branch="False" />
            <line number="21" hits="3" branch="False" />
            <line number="22" hits="3" branch="False" />
            <line number="23" hits="3" branch="False" />
            <line number="24" hits="3" branch="False" />
            <line number="25" hits="3" branch="False" />
            <line number="26" hits="3" branch="False" />
            <line number="27" hits="3" branch="False" />
            <line number="28" hits="3" branch="False" />
            <line number="29" hits="3" branch="False" />
          </lines>
        </class>
        <class name="ZeroSigma.Application.Authentication.Services.ValidationServices.Login.LoginValidationService/&lt;ValidateUser&gt;d__5" filename="ZeroSigma.Application\Authentication\Services\ValidationServices\Login\LoginValidationService.cs" line-rate="1" branch-rate="1" complexity="4">
          <methods>
            <method name="MoveNext" signature="()" line-rate="1" branch-rate="1" complexity="4">
              <lines>
                <line number="32" hits="3" branch="False" />
                <line number="33" hits="3" branch="True" condition-coverage="100% (2/2)">
                  <conditions>
                    <condition number="29" type="jump" coverage="100%" />
                  </conditions>
                </line>
                <line number="34" hits="1" branch="False" />
                <line number="35" hits="1" branch="False" />
                <line number="37" hits="2" branch="True" condition-coverage="100% (2/2)">
                  <conditions>
                    <condition number="91" type="jump" coverage="100%" />
                  </conditions>
                </line>
                <line number="38" hits="1" branch="False" />
                <line number="39" hits="1" branch="False" />
                <line number="41" hits="1" branch="False" />
                <line number="42" hits="1" branch="False" />
                <line number="43" hits="1" branch="False" />
                <line number="44" hits="1" branch="False" />
                <line number="45" hits="1" branch="False" />
                <line number="46" hits="1" branch="False" />
                <line number="47" hits="1" branch="False" />
                <line number="48" hits="1" branch="False" />
                <line number="49" hits="1" branch="False" />
                <line number="50" hits="1" branch="False" />
                <line number="51" hits="1" branch="False" />
                <line number="52" hits="1" branch="False" />
                <line number="54" hits="3" branch="False" />
              </lines>
            </method>
          </methods>
          <lines>
            <line number="32" hits="3" branch="False" />
            <line number="33" hits="3" branch="True" condition-coverage="100% (2/2)">
              <conditions>
                <condition number="29" type="jump" coverage="100%" />
              </conditions>
            </line>
            <line number="34" hits="1" branch="False" />
            <line number="35" hits="1" branch="False" />
            <line number="37" hits="2" branch="True" condition-coverage="100% (2/2)">
              <conditions>
                <condition number="91" type="jump" coverage="100%" />
              </conditions>
            </line>
            <line number="38" hits="1" branch="False" />
            <line number="39" hits="1" branch="False" />
            <line number="41" hits="1" branch="False" />
            <line number="42" hits="1" branch="False" />
            <line number="43" hits="1" branch="False" />
            <line number="44" hits="1" branch="False" />
            <line number="45" hits="1" branch="False" />
            <line number="46" hits="1" branch="False" />
            <line number="47" hits="1" branch="False" />
            <line number="48" hits="1" branch="False" />
            <line number="49" hits="1" branch="False" />
            <line number="50" hits="1" branch="False" />
            <line number="51" hits="1" branch="False" />
            <line number="52" hits="1" branch="False" />
            <line number="54" hits="3" branch="False" />
          </lines>
        </class>
        <class name="ZeroSigma.Application.Authentication.Services.ProcessingServices.SignUpProcessingServices.SignUpProcessingService" filename="ZeroSigma.Application\Authentication\Services\ProcessingServices\SignUpProcessingServices\SignUpProcessingService.cs" line-rate="0" branch-rate="1" complexity="2">
          <methods>
            <method name="CreateUser" signature="(ZeroSigma.Domain.ValueObjects.User.FullName,ZeroSigma.Domain.ValueObjects.User.UserEmail,ZeroSigma.Domain.ValueObjects.User.UserPassword)" line-rate="0" branch-rate="1" complexity="1">
              <lines>
                <line number="27" hits="0" branch="False" />
                <line number="28" hits="0" branch="False" />
                <line number="29" hits="0" branch="False" />
                <line number="30" hits="0" branch="False" />
              </lines>
            </method>
            <method name=".ctor" signature="(ZeroSigma.Application.Authentication.Services.Encryption.IEncryptionService,ZeroSigma.Application.Interfaces.IUserRepository,ZeroSigma.Application.Common.Interfaces.IUnitOfWork)" line-rate="0" branch-rate="1" complexity="1">
              <lines>
                <line number="15" hits="0" branch="False" />
                <line number="16" hits="0" branch="False" />
                <line number="17" hits="0" branch="False" />
                <line number="18" hits="0" branch="False" />
                <line number="19" hits="0" branch="False" />
                <line number="20" hits="0" branch="False" />
                <line number="21" hits="0" branch="False" />
                <line number="22" hits="0" branch="False" />
                <line number="23" hits="0" branch="False" />
                <line number="24" hits="0" branch="False" />
              </lines>
            </method>
          </methods>
          <lines>
            <line number="27" hits="0" branch="False" />
            <line number="28" hits="0" branch="False" />
            <line number="29" hits="0" branch="False" />
            <line number="30" hits="0" branch="False" />
            <line number="15" hits="0" branch="False" />
            <line number="16" hits="0" branch="False" />
            <line number="17" hits="0" branch="False" />
            <line number="18" hits="0" branch="False" />
            <line number="19" hits="0" branch="False" />
            <line number="20" hits="0" branch="False" />
            <line number="21" hits="0" branch="False" />
            <line number="22" hits="0" branch="False" />
            <line number="23" hits="0" branch="False" />
            <line number="24" hits="0" branch="False" />
          </lines>
        </class>
        <class name="ZeroSigma.Application.Authentication.Services.ProcessingServices.SignUpProcessingServices.SignUpProcessingService/&lt;ProcessSignUpRequest&gt;d__5" filename="ZeroSigma.Application\Authentication\Services\ProcessingServices\SignUpProcessingServices\SignUpProcessingService.cs" line-rate="0" branch-rate="0" complexity="2">
          <methods>
            <method name="MoveNext" signature="()" line-rate="0" branch-rate="0" complexity="2">
              <lines>
                <line number="32" hits="0" branch="False" />
                <line number="33" hits="0" branch="False" />
                <line number="34" hits="0" branch="False" />
                <line number="35" hits="0" branch="True" condition-coverage="0% (0/2)">
                  <conditions>
                    <condition number="118" type="jump" coverage="0%" />
                  </conditions>
                </line>
                <line number="36" hits="0" branch="False" />
                <line number="37" hits="0" branch="False" />
                <line number="38" hits="0" branch="False" />
                <line number="39" hits="0" branch="False" />
                <line number="40" hits="0" branch="False" />
                <line number="41" hits="0" branch="False" />
              </lines>
            </method>
          </methods>
          <lines>
            <line number="32" hits="0" branch="False" />
            <line number="33" hits="0" branch="False" />
            <line number="34" hits="0" branch="False" />
            <line number="35" hits="0" branch="True" condition-coverage="0% (0/2)">
              <conditions>
                <condition number="118" type="jump" coverage="0%" />
              </conditions>
            </line>
            <line number="36" hits="0" branch="False" />
            <line number="37" hits="0" branch="False" />
            <line number="38" hits="0" branch="False" />
            <line number="39" hits="0" branch="False" />
            <line number="40" hits="0" branch="False" />
            <line number="41" hits="0" branch="False" />
          </lines>
        </class>
        <class name="ZeroSigma.Application.Authentication.Services.ProcessingServices.NewSessionProcessingServices.NewSessionProcessingService" filename="ZeroSigma.Application\Authentication\Services\ProcessingServices\NewSessionProcessingServices\NewSessionProcessingService.cs" line-rate="0" branch-rate="0" complexity="4">
          <methods>
            <method name="RevokeRefreshTokenAndAddToBlackList" signature="(ZeroSigma.Domain.Entities.UserRefreshToken,ZeroSigma.Domain.Entities.UserAccessBlackList)" line-rate="0" branch-rate="1" complexity="1">
              <lines>
                <line number="35" hits="0" branch="False" />
                <line number="36" hits="0" branch="False" />
                <line number="37" hits="0" branch="False" />
                <line number="38" hits="0" branch="False" />
              </lines>
            </method>
            <method name="RemoveOldRefreshToken" signature="(ZeroSigma.Domain.Entities.UserAccessBlackList)" line-rate="0" branch-rate="0" complexity="2">
              <lines>
                <line number="41" hits="0" branch="False" />
                <line number="42" hits="0" branch="True" condition-coverage="0% (0/2)">
                  <conditions>
                    <condition number="18" type="jump" coverage="0%" />
                  </conditions>
                </line>
                <line number="43" hits="0" branch="False" />
                <line number="44" hits="0" branch="False" />
                <line number="45" hits="0" branch="False" />
                <line number="46" hits="0" branch="False" />
              </lines>
            </method>
            <method name=".ctor" signature="(ZeroSigma.Application.Common.Interfaces.IJwtTokenProcessingService,ZeroSigma.Application.Common.Authentication.IAccessTokenProvider,ZeroSigma.Application.Common.Authentication.IRefreshTokenProvider,ZeroSigma.Infrastructure.Persistance.Repositories.IdentityAccess.IIdentityAccessRepository)" line-rate="0" branch-rate="1" complexity="1">
              <lines>
                <line number="21" hits="0" branch="False" />
                <line number="22" hits="0" branch="False" />
                <line number="23" hits="0" branch="False" />
                <line number="24" hits="0" branch="False" />
                <line number="25" hits="0" branch="False" />
                <line number="26" hits="0" branch="False" />
                <line number="27" hits="0" branch="False" />
                <line number="28" hits="0" branch="False" />
                <line number="29" hits="0" branch="False" />
                <line number="30" hits="0" branch="False" />
                <line number="31" hits="0" branch="False" />
                <line number="32" hits="0" branch="False" />
              </lines>
            </method>
          </methods>
          <lines>
            <line number="35" hits="0" branch="False" />
            <line number="36" hits="0" branch="False" />
            <line number="37" hits="0" branch="False" />
            <line number="38" hits="0" branch="False" />
            <line number="41" hits="0" branch="False" />
            <line number="42" hits="0" branch="True" condition-coverage="0% (0/2)">
              <conditions>
                <condition number="18" type="jump" coverage="0%" />
              </conditions>
            </line>
            <line number="43" hits="0" branch="False" />
            <line number="44" hits="0" branch="False" />
            <line number="45" hits="0" branch="False" />
            <line number="46" hits="0" branch="False" />
            <line number="21" hits="0" branch="False" />
            <line number="22" hits="0" branch="False" />
            <line number="23" hits="0" branch="False" />
            <line number="24" hits="0" branch="False" />
            <line number="25" hits="0" branch="False" />
            <line number="26" hits="0" branch="False" />
            <line number="27" hits="0" branch="False" />
            <line number="28" hits="0" branch="False" />
            <line number="29" hits="0" branch="False" />
            <line number="30" hits="0" branch="False" />
            <line number="31" hits="0" branch="False" />
            <line number="32" hits="0" branch="False" />
          </lines>
        </class>
        <class name="ZeroSigma.Application.Authentication.Services.ProcessingServices.NewSessionProcessingServices.NewSessionProcessingService/&lt;&gt;c" filename="ZeroSigma.Application\Authentication\Services\ProcessingServices\NewSessionProcessingServices\NewSessionProcessingService.cs" line-rate="0" branch-rate="1" complexity="6">
          <methods>
            <method name="&lt;ProcessSuccessNewSessionValidation&gt;b__8_0" signature="(System.Security.Claims.Claim)" line-rate="0" branch-rate="1" complexity="1">
              <lines>
                <line number="59" hits="0" branch="False" />
              </lines>
            </method>
            <method name="&lt;ProcessSuccessNewSessionValidation&gt;b__8_1" signature="(System.Security.Claims.Claim)" line-rate="0" branch-rate="1" complexity="1">
              <lines>
                <line number="60" hits="0" branch="False" />
              </lines>
            </method>
            <method name="&lt;ProcessSuccessNewSessionValidation&gt;b__8_2" signature="(System.Security.Claims.Claim)" line-rate="0" branch-rate="1" complexity="1">
              <lines>
                <line number="61" hits="0" branch="False" />
              </lines>
            </method>
            <method name="&lt;ProcessNewSession&gt;b__9_0" signature="(System.Security.Claims.Claim)" line-rate="0" branch-rate="1" complexity="1">
              <lines>
                <line number="70" hits="0" branch="False" />
              </lines>
            </method>
            <method name="&lt;ProcessNewSession&gt;b__9_1" signature="(System.Security.Claims.Claim)" line-rate="0" branch-rate="1" complexity="1">
              <lines>
                <line number="86" hits="0" branch="False" />
              </lines>
            </method>
            <method name="&lt;ProcessNewSession&gt;b__9_2" signature="(System.Security.Claims.Claim)" line-rate="0" branch-rate="1" complexity="1">
              <lines>
                <line number="95" hits="0" branch="False" />
              </lines>
            </method>
          </methods>
          <lines>
            <line number="59" hits="0" branch="False" />
            <line number="60" hits="0" branch="False" />
            <line number="61" hits="0" branch="False" />
            <line number="70" hits="0" branch="False" />
            <line number="86" hits="0" branch="False" />
            <line number="95" hits="0" branch="False" />
          </lines>
        </class>
        <class name="ZeroSigma.Application.Authentication.Services.ProcessingServices.NewSessionProcessingServices.NewSessionProcessingService/&lt;ProcessNewSession&gt;d__9" filename="ZeroSigma.Application\Authentication\Services\ProcessingServices\NewSessionProcessingServices\NewSessionProcessingService.cs" line-rate="0" branch-rate="0" complexity="12">
          <methods>
            <method name="MoveNext" signature="()" line-rate="0" branch-rate="0" complexity="12">
              <lines>
                <line number="69" hits="0" branch="False" />
                <line number="71" hits="0" branch="False" />
                <line number="72" hits="0" branch="False" />
                <line number="73" hits="0" branch="False" />
                <line number="74" hits="0" branch="True" condition-coverage="0% (0/2)">
                  <conditions>
                    <condition number="578" type="jump" coverage="0%" />
                  </conditions>
                </line>
                <line number="75" hits="0" branch="False" />
                <line number="76" hits="0" branch="True" condition-coverage="0% (0/2)">
                  <conditions>
                    <condition number="612" type="jump" coverage="0%" />
                  </conditions>
                </line>
                <line number="77" hits="0" branch="False" />
                <line number="78" hits="0" branch="False" />
                <line number="79" hits="0" branch="False" />
                <line number="80" hits="0" branch="False" />
                <line number="81" hits="0" branch="False" />
                <line number="82" hits="0" branch="True" condition-coverage="0% (0/2)">
                  <conditions>
                    <condition number="679" type="jump" coverage="0%" />
                  </conditions>
                </line>
                <line number="83" hits="0" branch="False" />
                <line number="84" hits="0" branch="False" />
                <line number="87" hits="0" branch="True" condition-coverage="0% (0/2)">
                  <conditions>
                    <condition number="769" type="jump" coverage="0%" />
                  </conditions>
                </line>
                <line number="88" hits="0" branch="False" />
                <line number="89" hits="0" branch="False" />
                <line number="91" hits="0" branch="True" condition-coverage="0% (0/2)">
                  <conditions>
                    <condition number="813" type="jump" coverage="0%" />
                  </conditions>
                </line>
                <line number="92" hits="0" branch="False" />
                <line number="93" hits="0" branch="False" />
                <line number="96" hits="0" branch="True" condition-coverage="0% (0/2)">
                  <conditions>
                    <condition number="932" type="jump" coverage="0%" />
                  </conditions>
                </line>
                <line number="97" hits="0" branch="False" />
                <line number="98" hits="0" branch="False" />
                <line number="100" hits="0" branch="False" />
                <line number="102" hits="0" branch="False" />
              </lines>
            </method>
          </methods>
          <lines>
            <line number="69" hits="0" branch="False" />
            <line number="71" hits="0" branch="False" />
            <line number="72" hits="0" branch="False" />
            <line number="73" hits="0" branch="False" />
            <line number="74" hits="0" branch="True" condition-coverage="0% (0/2)">
              <conditions>
                <condition number="578" type="jump" coverage="0%" />
              </conditions>
            </line>
            <line number="75" hits="0" branch="False" />
            <line number="76" hits="0" branch="True" condition-coverage="0% (0/2)">
              <conditions>
                <condition number="612" type="jump" coverage="0%" />
              </conditions>
            </line>
            <line number="77" hits="0" branch="False" />
            <line number="78" hits="0" branch="False" />
            <line number="79" hits="0" branch="False" />
            <line number="80" hits="0" branch="False" />
            <line number="81" hits="0" branch="False" />
            <line number="82" hits="0" branch="True" condition-coverage="0% (0/2)">
              <conditions>
                <condition number="679" type="jump" coverage="0%" />
              </conditions>
            </line>
            <line number="83" hits="0" branch="False" />
            <line number="84" hits="0" branch="False" />
            <line number="87" hits="0" branch="True" condition-coverage="0% (0/2)">
              <conditions>
                <condition number="769" type="jump" coverage="0%" />
              </conditions>
            </line>
            <line number="88" hits="0" branch="False" />
            <line number="89" hits="0" branch="False" />
            <line number="91" hits="0" branch="True" condition-coverage="0% (0/2)">
              <conditions>
                <condition number="813" type="jump" coverage="0%" />
              </conditions>
            </line>
            <line number="92" hits="0" branch="False" />
            <line number="93" hits="0" branch="False" />
            <line number="96" hits="0" branch="True" condition-coverage="0% (0/2)">
              <conditions>
                <condition number="932" type="jump" coverage="0%" />
              </conditions>
            </line>
            <line number="97" hits="0" branch="False" />
            <line number="98" hits="0" branch="False" />
            <line number="100" hits="0" branch="False" />
            <line number="102" hits="0" branch="False" />
          </lines>
        </class>
        <class name="ZeroSigma.Application.Authentication.Services.ProcessingServices.NewSessionProcessingServices.NewSessionProcessingService/&lt;ProcessSuccessNewSessionValidation&gt;d__8" filename="ZeroSigma.Application\Authentication\Services\ProcessingServices\NewSessionProcessingServices\NewSessionProcessingService.cs" line-rate="0" branch-rate="1" complexity="1">
          <methods>
            <method name="MoveNext" signature="()" line-rate="0" branch-rate="1" complexity="1">
              <lines>
                <line number="58" hits="0" branch="False" />
                <line number="62" hits="0" branch="False" />
                <line number="63" hits="0" branch="False" />
                <line number="64" hits="0" branch="False" />
                <line number="66" hits="0" branch="False" />
                <line number="67" hits="0" branch="False" />
              </lines>
            </method>
          </methods>
          <lines>
            <line number="58" hits="0" branch="False" />
            <line number="62" hits="0" branch="False" />
            <line number="63" hits="0" branch="False" />
            <line number="64" hits="0" branch="False" />
            <line number="66" hits="0" branch="False" />
            <line number="67" hits="0" branch="False" />
          </lines>
        </class>
        <class name="ZeroSigma.Application.Authentication.Services.ProcessingServices.NewSessionProcessingServices.NewSessionProcessingService/&lt;RevokeAndRotateRefreshToken&gt;d__7" filename="ZeroSigma.Application\Authentication\Services\ProcessingServices\NewSessionProcessingServices\NewSessionProcessingService.cs" line-rate="0" branch-rate="1" complexity="1">
          <methods>
            <method name="MoveNext" signature="()" line-rate="0" branch-rate="1" complexity="1">
              <lines>
                <line number="48" hits="0" branch="False" />
                <line number="49" hits="0" branch="False" />
                <line number="50" hits="0" branch="False" />
                <line number="51" hits="0" branch="False" />
                <line number="52" hits="0" branch="False" />
                <line number="53" hits="0" branch="False" />
                <line number="54" hits="0" branch="False" />
                <line number="55" hits="0" branch="False" />
                <line number="56" hits="0" branch="False" />
              </lines>
            </method>
          </methods>
          <lines>
            <line number="48" hits="0" branch="False" />
            <line number="49" hits="0" branch="False" />
            <line number="50" hits="0" branch="False" />
            <line number="51" hits="0" branch="False" />
            <line number="52" hits="0" branch="False" />
            <line number="53" hits="0" branch="False" />
            <line number="54" hits="0" branch="False" />
            <line number="55" hits="0" branch="False" />
            <line number="56" hits="0" branch="False" />
          </lines>
        </class>
        <class name="ZeroSigma.Application.Authentication.Services.ProcessingServices.AuthenticationProcessingServices.LoginProcessingService" filename="ZeroSigma.Application\Authentication\Services\ProcessingServices\LoginProcessingServices\LoginProcessingService.cs" line-rate="0" branch-rate="1" complexity="4">
          <methods>
            <method name="DecodeJwt" signature="(System.String)" line-rate="0" branch-rate="1" complexity="1">
              <lines>
                <line number="29" hits="0" branch="False" />
                <line number="30" hits="0" branch="False" />
                <line number="31" hits="0" branch="False" />
                <line number="32" hits="0" branch="False" />
                <line number="33" hits="0" branch="False" />
              </lines>
            </method>
            <method name="GetTokenExpiryDate" signature="(System.String)" line-rate="0" branch-rate="1" complexity="1">
              <lines>
                <line number="35" hits="0" branch="False" />
                <line number="36" hits="0" branch="False" />
                <line number="37" hits="0" branch="False" />
              </lines>
            </method>
            <method name="GetTokenIssueDate" signature="(System.String)" line-rate="0" branch-rate="1" complexity="1">
              <lines>
                <line number="39" hits="0" branch="False" />
                <line number="40" hits="0" branch="False" />
                <line number="41" hits="0" branch="False" />
              </lines>
            </method>
            <method name=".ctor" signature="(ZeroSigma.Application.Common.Authentication.IAccessTokenProvider,ZeroSigma.Application.Common.Authentication.IRefreshTokenProvider,ZeroSigma.Infrastructure.Persistance.Repositories.IdentityAccess.IIdentityAccessRepository,ZeroSigma.Application.Common.Interfaces.IUnitOfWork)" line-rate="0" branch-rate="1" complexity="1">
              <lines>
                <line number="18" hits="0" branch="False" />
                <line number="19" hits="0" branch="False" />
                <line number="20" hits="0" branch="False" />
                <line number="21" hits="0" branch="False" />
                <line number="22" hits="0" branch="False" />
                <line number="24" hits="0" branch="False" />
                <line number="25" hits="0" branch="False" />
                <line number="26" hits="0" branch="False" />
                <line number="27" hits="0" branch="False" />
              </lines>
            </method>
          </methods>
          <lines>
            <line number="29" hits="0" branch="False" />
            <line number="30" hits="0" branch="False" />
            <line number="31" hits="0" branch="False" />
            <line number="32" hits="0" branch="False" />
            <line number="33" hits="0" branch="False" />
            <line number="35" hits="0" branch="False" />
            <line number="36" hits="0" branch="False" />
            <line number="37" hits="0" branch="False" />
            <line number="39" hits="0" branch="False" />
            <line number="40" hits="0" branch="False" />
            <line number="41" hits="0" branch="False" />
            <line number="18" hits="0" branch="False" />
            <line number="19" hits="0" branch="False" />
            <line number="20" hits="0" branch="False" />
            <line number="21" hits="0" branch="False" />
            <line number="22" hits="0" branch="False" />
            <line number="24" hits="0" branch="False" />
            <line number="25" hits="0" branch="False" />
            <line number="26" hits="0" branch="False" />
            <line number="27" hits="0" branch="False" />
          </lines>
        </class>
        <class name="ZeroSigma.Application.Authentication.Services.ProcessingServices.AuthenticationProcessingServices.LoginProcessingService/&lt;PersistIdentity&gt;d__6" filename="ZeroSigma.Application\Authentication\Services\ProcessingServices\LoginProcessingServices\LoginProcessingService.cs" line-rate="0" branch-rate="0" complexity="8">
          <methods>
            <method name="MoveNext" signature="()" line-rate="0" branch-rate="0" complexity="8">
              <lines>
                <line number="45" hits="0" branch="False" />
                <line number="46" hits="0" branch="False" />
                <line number="47" hits="0" branch="False" />
                <line number="48" hits="0" branch="False" />
                <line number="49" hits="0" branch="False" />
                <line number="50" hits="0" branch="False" />
                <line number="51" hits="0" branch="False" />
                <line number="52" hits="0" branch="True" condition-coverage="0% (0/2)">
                  <conditions>
                    <condition number="394" type="jump" coverage="0%" />
                  </conditions>
                </line>
                <line number="53" hits="0" branch="False" />
                <line number="54" hits="0" branch="False" />
                <line number="55" hits="0" branch="False" />
                <line number="56" hits="0" branch="False" />
                <line number="57" hits="0" branch="False" />
                <line number="58" hits="0" branch="False" />
                <line number="59" hits="0" branch="False" />
                <line number="60" hits="0" branch="False" />
                <line number="61" hits="0" branch="False" />
                <line number="62" hits="0" branch="False" />
                <line number="64" hits="0" branch="False" />
                <line number="65" hits="0" branch="True" condition-coverage="0% (0/2)">
                  <conditions>
                    <condition number="1288" type="jump" coverage="0%" />
                  </conditions>
                </line>
                <line number="66" hits="0" branch="False" />
                <line number="67" hits="0" branch="False" />
                <line number="68" hits="0" branch="True" condition-coverage="0% (0/2)">
                  <conditions>
                    <condition number="1470" type="jump" coverage="0%" />
                  </conditions>
                </line>
                <line number="69" hits="0" branch="True" condition-coverage="0% (0/2)">
                  <conditions>
                    <condition number="1621" type="jump" coverage="0%" />
                  </conditions>
                </line>
                <line number="70" hits="0" branch="False" />
                <line number="71" hits="0" branch="False" />
                <line number="72" hits="0" branch="False" />
                <line number="73" hits="0" branch="False" />
                <line number="74" hits="0" branch="False" />
                <line number="75" hits="0" branch="False" />
                <line number="76" hits="0" branch="False" />
              </lines>
            </method>
          </methods>
          <lines>
            <line number="45" hits="0" branch="False" />
            <line number="46" hits="0" branch="False" />
            <line number="47" hits="0" branch="False" />
            <line number="48" hits="0" branch="False" />
            <line number="49" hits="0" branch="False" />
            <line number="50" hits="0" branch="False" />
            <line number="51" hits="0" branch="False" />
            <line number="52" hits="0" branch="True" condition-coverage="0% (0/2)">
              <conditions>
                <condition number="394" type="jump" coverage="0%" />
              </conditions>
            </line>
            <line number="53" hits="0" branch="False" />
            <line number="54" hits="0" branch="False" />
            <line number="55" hits="0" branch="False" />
            <line number="56" hits="0" branch="False" />
            <line number="57" hits="0" branch="False" />
            <line number="58" hits="0" branch="False" />
            <line number="59" hits="0" branch="False" />
            <line number="60" hits="0" branch="False" />
            <line number="61" hits="0" branch="False" />
            <line number="62" hits="0" branch="False" />
            <line number="64" hits="0" branch="False" />
            <line number="65" hits="0" branch="True" condition-coverage="0% (0/2)">
              <conditions>
                <condition number="1288" type="jump" coverage="0%" />
              </conditions>
            </line>
            <line number="66" hits="0" branch="False" />
            <line number="67" hits="0" branch="False" />
            <line number="68" hits="0" branch="True" condition-coverage="0% (0/2)">
              <conditions>
                <condition number="1470" type="jump" coverage="0%" />
              </conditions>
            </line>
            <line number="69" hits="0" branch="True" condition-coverage="0% (0/2)">
              <conditions>
                <condition number="1621" type="jump" coverage="0%" />
              </conditions>
            </line>
            <line number="70" hits="0" branch="False" />
            <line number="71" hits="0" branch="False" />
            <line number="72" hits="0" branch="False" />
            <line number="73" hits="0" branch="False" />
            <line number="74" hits="0" branch="False" />
            <line number="75" hits="0" branch="False" />
            <line number="76" hits="0" branch="False" />
          </lines>
        </class>
        <class name="ZeroSigma.Application.Authentication.Services.ProcessingServices.AuthenticationProcessingServices.LoginProcessingService/&lt;ProcessAuthentication&gt;d__7" filename="ZeroSigma.Application\Authentication\Services\ProcessingServices\LoginProcessingServices\LoginProcessingService.cs" line-rate="0" branch-rate="1" complexity="1">
          <methods>
            <method name="MoveNext" signature="()" line-rate="0" branch-rate="1" complexity="1">
              <lines>
                <line number="78" hits="0" branch="False" />
                <line number="79" hits="0" branch="False" />
                <line number="80" hits="0" branch="False" />
              </lines>
            </method>
          </methods>
          <lines>
            <line number="78" hits="0" branch="False" />
            <line number="79" hits="0" branch="False" />
            <line number="80" hits="0" branch="False" />
          </lines>
        </class>
        <class name="ZeroSigma.Application.Authentication.Queries.LoginQuery" filename="ZeroSigma.Application\Authentication\Queries\LoginQuery.cs" line-rate="1" branch-rate="1" complexity="3">
          <methods>
            <method name="get_Email" signature="()" line-rate="1" branch-rate="1" complexity="1">
              <lines>
                <line number="14" hits="6" branch="False" />
              </lines>
            </method>
            <method name="get_Password" signature="()" line-rate="1" branch-rate="1" complexity="1">
              <lines>
                <line number="15" hits="10" branch="False" />
              </lines>
            </method>
            <method name=".ctor" signature="(System.String,System.String)" line-rate="1" branch-rate="1" complexity="1">
              <lines>
                <line number="12" hits="3" branch="False" />
                <line number="13" hits="3" branch="False" />
                <line number="16" hits="3" branch="False" />
              </lines>
            </method>
          </methods>
          <lines>
            <line number="14" hits="6" branch="False" />
            <line number="15" hits="10" branch="False" />
            <line number="12" hits="3" branch="False" />
            <line number="13" hits="3" branch="False" />
            <line number="16" hits="3" branch="False" />
          </lines>
        </class>
        <class name="ZeroSigma.Application.Authentication.Queries.LoginQueryHandler" filename="ZeroSigma.Application\Authentication\Queries\LoginQueryHandler.cs" line-rate="1" branch-rate="1" complexity="1">
          <methods>
            <method name=".ctor" signature="(ZeroSigma.Application.Interfaces.IUserRepository,ZeroSigma.Application.Authentication.Services.ValidationServices.Login.ILoginValidationService)" line-rate="1" branch-rate="1" complexity="1">
              <lines>
                <line number="16" hits="3" branch="False" />
                <line number="17" hits="3" branch="False" />
                <line number="18" hits="3" branch="False" />
                <line number="19" hits="3" branch="False" />
                <line number="20" hits="3" branch="False" />
                <line number="21" hits="3" branch="False" />
                <line number="22" hits="3" branch="False" />
                <line number="23" hits="3" branch="False" />
              </lines>
            </method>
          </methods>
          <lines>
            <line number="16" hits="3" branch="False" />
            <line number="17" hits="3" branch="False" />
            <line number="18" hits="3" branch="False" />
            <line number="19" hits="3" branch="False" />
            <line number="20" hits="3" branch="False" />
            <line number="21" hits="3" branch="False" />
            <line number="22" hits="3" branch="False" />
            <line number="23" hits="3" branch="False" />
          </lines>
        </class>
        <class name="ZeroSigma.Application.Authentication.Queries.LoginQueryHandler/&lt;Handle&gt;d__3" filename="ZeroSigma.Application\Authentication\Queries\LoginQueryHandler.cs" line-rate="0.75" branch-rate="0.5" complexity="2">
          <methods>
            <method name="MoveNext" signature="()" line-rate="0.75" branch-rate="0.5" complexity="2">
              <lines>
                <line number="26" hits="3" branch="False" />
                <line number="27" hits="3" branch="False" />
                <line number="28" hits="3" branch="True" condition-coverage="50% (1/2)">
                  <conditions>
                    <condition number="67" type="jump" coverage="50%" />
                  </conditions>
                </line>
                <line number="29" hits="0" branch="False" />
                <line number="30" hits="0" branch="False" />
                <line number="32" hits="3" branch="False" />
                <line number="34" hits="3" branch="False" />
                <line number="36" hits="3" branch="False" />
              </lines>
            </method>
          </methods>
          <lines>
            <line number="26" hits="3" branch="False" />
            <line number="27" hits="3" branch="False" />
            <line number="28" hits="3" branch="True" condition-coverage="50% (1/2)">
              <conditions>
                <condition number="67" type="jump" coverage="50%" />
              </conditions>
            </line>
            <line number="29" hits="0" branch="False" />
            <line number="30" hits="0" branch="False" />
            <line number="32" hits="3" branch="False" />
            <line number="34" hits="3" branch="False" />
            <line number="36" hits="3" branch="False" />
          </lines>
        </class>
        <class name="ZeroSigma.Application.Authentication.Queries.NewSession.NewSessionQuery" filename="ZeroSigma.Application\Authentication\Queries\NewSession\NewSessionQuery.cs" line-rate="0" branch-rate="1" complexity="3">
          <methods>
            <method name="get_accessToken" signature="()" line-rate="0" branch-rate="1" complexity="1">
              <lines>
                <line number="14" hits="0" branch="False" />
              </lines>
            </method>
            <method name="get_refreshToken" signature="()" line-rate="0" branch-rate="1" complexity="1">
              <lines>
                <line number="15" hits="0" branch="False" />
              </lines>
            </method>
            <method name=".ctor" signature="(System.String,System.String)" line-rate="0" branch-rate="1" complexity="1">
              <lines>
                <line number="12" hits="0" branch="False" />
                <line number="13" hits="0" branch="False" />
                <line number="16" hits="0" branch="False" />
              </lines>
            </method>
          </methods>
          <lines>
            <line number="14" hits="0" branch="False" />
            <line number="15" hits="0" branch="False" />
            <line number="12" hits="0" branch="False" />
            <line number="13" hits="0" branch="False" />
            <line number="16" hits="0" branch="False" />
          </lines>
        </class>
        <class name="ZeroSigma.Application.Authentication.Queries.NewSession.NewSessionQueryHandler" filename="ZeroSigma.Application\Authentication\Queries\NewSession\NewSessionQueryHandler.cs" line-rate="0" branch-rate="1" complexity="1">
          <methods>
            <method name=".ctor" signature="(ZeroSigma.Application.Authentication.Services.ProcessingServices.NewSessionProcessingServices.INewSessionProcessingService)" line-rate="0" branch-rate="1" complexity="1">
              <lines>
                <line number="15" hits="0" branch="False" />
                <line number="16" hits="0" branch="False" />
                <line number="17" hits="0" branch="False" />
                <line number="18" hits="0" branch="False" />
                <line number="19" hits="0" branch="False" />
                <line number="20" hits="0" branch="False" />
              </lines>
            </method>
          </methods>
          <lines>
            <line number="15" hits="0" branch="False" />
            <line number="16" hits="0" branch="False" />
            <line number="17" hits="0" branch="False" />
            <line number="18" hits="0" branch="False" />
            <line number="19" hits="0" branch="False" />
            <line number="20" hits="0" branch="False" />
          </lines>
        </class>
        <class name="ZeroSigma.Application.Authentication.Queries.NewSession.NewSessionQueryHandler/&lt;Handle&gt;d__2" filename="ZeroSigma.Application\Authentication\Queries\NewSession\NewSessionQueryHandler.cs" line-rate="0" branch-rate="1" complexity="1">
          <methods>
            <method name="MoveNext" signature="()" line-rate="0" branch-rate="1" complexity="1">
              <lines>
                <line number="23" hits="0" branch="False" />
                <line number="24" hits="0" branch="False" />
                <line number="25" hits="0" branch="False" />
                <line number="26" hits="0" branch="False" />
              </lines>
            </method>
          </methods>
          <lines>
            <line number="23" hits="0" branch="False" />
            <line number="24" hits="0" branch="False" />
            <line number="25" hits="0" branch="False" />
            <line number="26" hits="0" branch="False" />
          </lines>
        </class>
        <class name="ZeroSigma.Application.Authentication.Commands.RegisterCommand" filename="ZeroSigma.Application\Authentication\Commands\RegisterCommand.cs" line-rate="1" branch-rate="1" complexity="4">
          <methods>
            <method name="get_FullName" signature="()" line-rate="1" branch-rate="1" complexity="1">
              <lines>
                <line number="14" hits="12" branch="False" />
              </lines>
            </method>
            <method name="get_Email" signature="()" line-rate="1" branch-rate="1" complexity="1">
              <lines>
                <line number="15" hits="12" branch="False" />
              </lines>
            </method>
            <method name="get_Password" signature="()" line-rate="1" branch-rate="1" complexity="1">
              <lines>
                <line number="16" hits="12" branch="False" />
              </lines>
            </method>
            <method name=".ctor" signature="(System.String,System.String,System.String)" line-rate="1" branch-rate="1" complexity="1">
              <lines>
                <line number="12" hits="6" branch="False" />
                <line number="13" hits="6" branch="False" />
                <line number="17" hits="6" branch="False" />
              </lines>
            </method>
          </methods>
          <lines>
            <line number="14" hits="12" branch="False" />
            <line number="15" hits="12" branch="False" />
            <line number="16" hits="12" branch="False" />
            <line number="12" hits="6" branch="False" />
            <line number="13" hits="6" branch="False" />
            <line number="17" hits="6" branch="False" />
          </lines>
        </class>
        <class name="ZeroSigma.Application.Authentication.Commands.RegisterCommandHandler" filename="ZeroSigma.Application\Authentication\Commands\RegisterCommandHandler.cs" line-rate="1" branch-rate="1" complexity="1">
          <methods>
            <method name=".ctor" signature="(ZeroSigma.Application.Authentication.Services.ValidationServices.SignUp.ISignUpValidationService)" line-rate="1" branch-rate="1" complexity="1">
              <lines>
                <line number="13" hits="6" branch="False" />
                <line number="14" hits="6" branch="False" />
                <line number="15" hits="6" branch="False" />
                <line number="16" hits="6" branch="False" />
                <line number="17" hits="6" branch="False" />
                <line number="18" hits="6" branch="False" />
              </lines>
            </method>
          </methods>
          <lines>
            <line number="13" hits="6" branch="False" />
            <line number="14" hits="6" branch="False" />
            <line number="15" hits="6" branch="False" />
            <line number="16" hits="6" branch="False" />
            <line number="17" hits="6" branch="False" />
            <line number="18" hits="6" branch="False" />
          </lines>
        </class>
        <class name="ZeroSigma.Application.Authentication.Commands.RegisterCommandHandler/&lt;Handle&gt;d__2" filename="ZeroSigma.Application\Authentication\Commands\RegisterCommandHandler.cs" line-rate="1" branch-rate="1" complexity="1">
          <methods>
            <method name="MoveNext" signature="()" line-rate="1" branch-rate="1" complexity="1">
              <lines>
                <line number="21" hits="6" branch="False" />
                <line number="23" hits="6" branch="False" />
                <line number="25" hits="6" branch="False" />
                <line number="26" hits="6" branch="False" />
              </lines>
            </method>
          </methods>
          <lines>
            <line number="21" hits="6" branch="False" />
            <line number="23" hits="6" branch="False" />
            <line number="25" hits="6" branch="False" />
            <line number="26" hits="6" branch="False" />
          </lines>
        </class>
      </classes>
    </package>
    <package name="ZeroSigma.Domain" line-rate="0.4152" branch-rate="0.4354" complexity="159">
      <classes>
        <class name="ZeroSigma.Domain.ValueObjects.User.FullName" filename="ZeroSigma.Domain\ValueObjects\User\FullName.cs" line-rate="0.7142000000000001" branch-rate="0.5" complexity="6">
          <methods>
            <method name="get_Value" signature="()" line-rate="1" branch-rate="1" complexity="1">
              <lines>
                <line number="22" hits="5" branch="False" />
              </lines>
            </method>
            <method name="Create" signature="(System.String)" line-rate="0.5555" branch-rate="0.5" complexity="4">
              <lines>
                <line number="25" hits="15" branch="False" />
                <line number="26" hits="15" branch="True" condition-coverage="50% (1/2)">
                  <conditions>
                    <condition number="9" type="jump" coverage="50%" />
                  </conditions>
                </line>
                <line number="27" hits="0" branch="False" />
                <line number="28" hits="0" branch="False" />
                <line number="30" hits="15" branch="True" condition-coverage="50% (1/2)">
                  <conditions>
                    <condition number="37" type="jump" coverage="50%" />
                  </conditions>
                </line>
                <line number="31" hits="0" branch="False" />
                <line number="32" hits="0" branch="False" />
                <line number="34" hits="15" branch="False" />
                <line number="35" hits="15" branch="False" />
              </lines>
            </method>
            <method name=".ctor" signature="(System.String)" line-rate="1" branch-rate="1" complexity="1">
              <lines>
                <line number="17" hits="15" branch="False" />
                <line number="18" hits="15" branch="False" />
                <line number="19" hits="15" branch="False" />
                <line number="20" hits="15" branch="False" />
              </lines>
            </method>
          </methods>
          <lines>
            <line number="22" hits="5" branch="False" />
            <line number="25" hits="15" branch="False" />
            <line number="26" hits="15" branch="True" condition-coverage="50% (1/2)">
              <conditions>
                <condition number="9" type="jump" coverage="50%" />
              </conditions>
            </line>
            <line number="27" hits="0" branch="False" />
            <line number="28" hits="0" branch="False" />
            <line number="30" hits="15" branch="True" condition-coverage="50% (1/2)">
              <conditions>
                <condition number="37" type="jump" coverage="50%" />
              </conditions>
            </line>
            <line number="31" hits="0" branch="False" />
            <line number="32" hits="0" branch="False" />
            <line number="34" hits="15" branch="False" />
            <line number="35" hits="15" branch="False" />
            <line number="17" hits="15" branch="False" />
            <line number="18" hits="15" branch="False" />
            <line number="19" hits="15" branch="False" />
            <line number="20" hits="15" branch="False" />
          </lines>
        </class>
        <class name="ZeroSigma.Domain.ValueObjects.User.FullName/&lt;GetEqualityComponents&gt;d__6" filename="ZeroSigma.Domain\ValueObjects\User\FullName.cs" line-rate="0" branch-rate="1" complexity="1">
          <methods>
            <method name="MoveNext" signature="()" line-rate="0" branch-rate="1" complexity="1">
              <lines>
                <line number="38" hits="0" branch="False" />
                <line number="39" hits="0" branch="False" />
                <line number="40" hits="0" branch="False" />
              </lines>
            </method>
          </methods>
          <lines>
            <line number="38" hits="0" branch="False" />
            <line number="39" hits="0" branch="False" />
            <line number="40" hits="0" branch="False" />
          </lines>
        </class>
        <class name="ZeroSigma.Domain.ValueObjects.User.UserEmail" filename="ZeroSigma.Domain\ValueObjects\User\UserEmail.cs" line-rate="0.9333" branch-rate="0.8571" complexity="16">
          <methods>
            <method name="get_Value" signature="()" line-rate="1" branch-rate="1" complexity="1">
              <lines>
                <line number="14" hits="17" branch="False" />
              </lines>
            </method>
            <method name="IsValidEmail" signature="(System.String)" line-rate="1" branch-rate="0.9" complexity="10">
              <lines>
                <line number="27" hits="18" branch="False" />
                <line number="28" hits="18" branch="False" />
                <line number="30" hits="18" branch="True" condition-coverage="100% (2/2)">
                  <conditions>
                    <condition number="19" type="jump" coverage="100%" />
                  </conditions>
                </line>
                <line number="31" hits="18" branch="False" />
                <line number="32" hits="18" branch="False" />
                <line number="34" hits="18" branch="False" />
                <line number="36" hits="18" branch="True" condition-coverage="75% (3/4)">
                  <conditions>
                    <condition number="45" type="jump" coverage="50%" />
                    <condition number="58" type="jump" coverage="100%" />
                  </conditions>
                </line>
                <line number="37" hits="18" branch="False" />
                <line number="38" hits="18" branch="False" />
                <line number="40" hits="18" branch="False" />
                <line number="42" hits="18" branch="True" condition-coverage="100% (4/4)">
                  <conditions>
                    <condition number="86" type="jump" coverage="100%" />
                    <condition number="112" type="jump" coverage="100%" />
                  </conditions>
                </line>
                <line number="43" hits="17" branch="False" />
                <line number="44" hits="1" branch="False" />
                <line number="45" hits="1" branch="False" />
                <line number="46" hits="1" branch="False" />
                <line number="47" hits="18" branch="False" />
              </lines>
            </method>
            <method name="Create" signature="(System.String)" line-rate="0.7777" branch-rate="0.75" complexity="4">
              <lines>
                <line number="50" hits="18" branch="False" />
                <line number="51" hits="18" branch="True" condition-coverage="50% (1/2)">
                  <conditions>
                    <condition number="9" type="jump" coverage="50%" />
                  </conditions>
                </line>
                <line number="52" hits="0" branch="False" />
                <line number="53" hits="0" branch="False" />
                <line number="55" hits="18" branch="True" condition-coverage="100% (2/2)">
                  <conditions>
                    <condition number="36" type="jump" coverage="100%" />
                  </conditions>
                </line>
                <line number="56" hits="1" branch="False" />
                <line number="57" hits="1" branch="False" />
                <line number="59" hits="17" branch="False" />
                <line number="60" hits="18" branch="False" />
              </lines>
            </method>
            <method name=".ctor" signature="(System.String)" line-rate="1" branch-rate="1" complexity="1">
              <lines>
                <line number="16" hits="17" branch="False" />
                <line number="17" hits="17" branch="False" />
                <line number="18" hits="17" branch="False" />
                <line number="19" hits="17" branch="False" />
              </lines>
            </method>
          </methods>
          <lines>
            <line number="14" hits="17" branch="False" />
            <line number="27" hits="18" branch="False" />
            <line number="28" hits="18" branch="False" />
            <line number="30" hits="18" branch="True" condition-coverage="100% (2/2)">
              <conditions>
                <condition number="19" type="jump" coverage="100%" />
              </conditions>
            </line>
            <line number="31" hits="18" branch="False" />
            <line number="32" hits="18" branch="False" />
            <line number="34" hits="18" branch="False" />
            <line number="36" hits="18" branch="True" condition-coverage="75% (3/4)">
              <conditions>
                <condition number="45" type="jump" coverage="50%" />
                <condition number="58" type="jump" coverage="100%" />
              </conditions>
            </line>
            <line number="37" hits="18" branch="False" />
            <line number="38" hits="18" branch="False" />
            <line number="40" hits="18" branch="False" />
            <line number="42" hits="18" branch="True" condition-coverage="100% (4/4)">
              <conditions>
                <condition number="86" type="jump" coverage="100%" />
                <condition number="112" type="jump" coverage="100%" />
              </conditions>
            </line>
            <line number="43" hits="17" branch="False" />
            <line number="44" hits="1" branch="False" />
            <line number="45" hits="1" branch="False" />
            <line number="46" hits="1" branch="False" />
            <line number="47" hits="18" branch="False" />
            <line number="50" hits="18" branch="False" />
            <line number="51" hits="18" branch="True" condition-coverage="50% (1/2)">
              <conditions>
                <condition number="9" type="jump" coverage="50%" />
              </conditions>
            </line>
            <line number="52" hits="0" branch="False" />
            <line number="53" hits="0" branch="False" />
            <line number="55" hits="18" branch="True" condition-coverage="100% (2/2)">
              <conditions>
                <condition number="36" type="jump" coverage="100%" />
              </conditions>
            </line>
            <line number="56" hits="1" branch="False" />
            <line number="57" hits="1" branch="False" />
            <line number="59" hits="17" branch="False" />
            <line number="60" hits="18" branch="False" />
            <line number="16" hits="17" branch="False" />
            <line number="17" hits="17" branch="False" />
            <line number="18" hits="17" branch="False" />
            <line number="19" hits="17" branch="False" />
          </lines>
        </class>
        <class name="ZeroSigma.Domain.ValueObjects.User.UserEmail/&lt;GetEqualityComponents&gt;d__4" filename="ZeroSigma.Domain\ValueObjects\User\UserEmail.cs" line-rate="1" branch-rate="1" complexity="1">
          <methods>
            <method name="MoveNext" signature="()" line-rate="1" branch-rate="1" complexity="1">
              <lines>
                <line number="22" hits="8" branch="False" />
                <line number="23" hits="8" branch="False" />
                <line number="24" hits="8" branch="False" />
              </lines>
            </method>
          </methods>
          <lines>
            <line number="22" hits="8" branch="False" />
            <line number="23" hits="8" branch="False" />
            <line number="24" hits="8" branch="False" />
          </lines>
        </class>
        <class name="ZeroSigma.Domain.ValueObjects.User.UserID" filename="ZeroSigma.Domain\ValueObjects\User\UserID.cs" line-rate="0.7272" branch-rate="1" complexity="4">
          <methods>
            <method name="get_Value" signature="()" line-rate="1" branch-rate="1" complexity="1">
              <lines>
                <line number="7" hits="4" branch="False" />
              </lines>
            </method>
            <method name="CreateUnique" signature="()" line-rate="1" branch-rate="1" complexity="1">
              <lines>
                <line number="15" hits="9" branch="False" />
                <line number="16" hits="9" branch="False" />
                <line number="17" hits="9" branch="False" />
              </lines>
            </method>
            <method name="Create" signature="(System.Guid)" line-rate="0" branch-rate="1" complexity="1">
              <lines>
                <line number="20" hits="0" branch="False" />
                <line number="21" hits="0" branch="False" />
                <line number="22" hits="0" branch="False" />
              </lines>
            </method>
            <method name=".ctor" signature="(System.Guid)" line-rate="1" branch-rate="1" complexity="1">
              <lines>
                <line number="9" hits="9" branch="False" />
[...]
                <line number="41" hits="0" branch="False" />
                <line number="42" hits="0" branch="False" />
              </lines>
            </method>
            <method name="CreateWithSameId" signature="(ZeroSigma.Domain.ValueObjects.UserRefreshToken.RefreshTokenID,System.String,System.DateTime,System.DateTime,System.String)" line-rate="0" branch-rate="0" complexity="2">
              <lines>
                <line number="48" hits="0" branch="False" />
                <line number="49" hits="0" branch="True" condition-coverage="0% (0/2)">
                  <conditions>
                    <condition number="14" type="jump" coverage="0%" />
                  </conditions>
                </line>
                <line number="50" hits="0" branch="False" />
                <line number="51" hits="0" branch="False" />
                <line number="52" hits="0" branch="False" />
                <line number="53" hits="0" branch="False" />
                <line number="54" hits="0" branch="False" />
                <line number="55" hits="0" branch="False" />
              </lines>
            </method>
            <method name=".ctor" signature="(ZeroSigma.Domain.ValueObjects.UserRefreshToken.RefreshTokenID,System.String,System.DateTime,System.DateTime,System.String)" line-rate="0" branch-rate="1" complexity="1">
              <lines>
                <line number="19" hits="0" branch="False" />
                <line number="20" hits="0" branch="False" />
                <line number="21" hits="0" branch="False" />
                <line number="22" hits="0" branch="False" />
                <line number="23" hits="0" branch="False" />
                <line number="24" hits="0" branch="False" />
                <line number="25" hits="0" branch="False" />
              </lines>
            </method>
          </methods>
          <lines>
            <line number="26" hits="0" branch="False" />
            <line number="27" hits="0" branch="False" />
            <line number="28" hits="0" branch="False" />
            <line number="29" hits="0" branch="False" />
            <line number="35" hits="0" branch="False" />
            <line number="36" hits="0" branch="True" condition-coverage="0% (0/2)">
              <conditions>
                <condition number="14" type="jump" coverage="0%" />
              </conditions>
            </line>
            <line number="37" hits="0" branch="False" />
            <line number="38" hits="0" branch="False" />
            <line number="39" hits="0" branch="False" />
            <line number="40" hits="0" branch="False" />
            <line number="41" hits="0" branch="False" />
            <line number="42" hits="0" branch="False" />
            <line number="48" hits="0" branch="False" />
            <line number="49" hits="0" branch="True" condition-coverage="0% (0/2)">
              <conditions>
                <condition number="14" type="jump" coverage="0%" />
              </conditions>
            </line>
            <line number="50" hits="0" branch="False" />
            <line number="51" hits="0" branch="False" />
            <line number="52" hits="0" branch="False" />
            <line number="53" hits="0" branch="False" />
            <line number="54" hits="0" branch="False" />
            <line number="55" hits="0" branch="False" />
            <line number="19" hits="0" branch="False" />
            <line number="20" hits="0" branch="False" />
            <line number="21" hits="0" branch="False" />
            <line number="22" hits="0" branch="False" />
            <line number="23" hits="0" branch="False" />
            <line number="24" hits="0" branch="False" />
            <line number="25" hits="0" branch="False" />
          </lines>
        </class>
        <class name="ZeroSigma.Domain.Common.Results.InvalidResult`1" filename="ZeroSigma.Domain\Common\Results\InvalidResult.cs" line-rate="0.8571" branch-rate="1" complexity="4">
          <methods>
            <method name="get_ResultType" signature="()" line-rate="1" branch-rate="1" complexity="1">
              <lines>
                <line number="17" hits="4" branch="False" />
              </lines>
            </method>
            <method name="get_CustomProblemDetails" signature="()" line-rate="1" branch-rate="1" complexity="1">
              <lines>
                <line number="19" hits="10" branch="False" />
              </lines>
            </method>
            <method name="get_Data" signature="()" line-rate="0" branch-rate="1" complexity="1">
              <lines>
                <line number="21" hits="0" branch="False" />
              </lines>
            </method>
            <method name=".ctor" signature="(ZeroSigma.Domain.Common.Errors.CustomProblemDetails)" line-rate="1" branch-rate="1" complexity="1">
              <lines>
                <line number="13" hits="10" branch="False" />
                <line number="14" hits="10" branch="False" />
                <line number="15" hits="10" branch="False" />
                <line number="16" hits="10" branch="False" />
              </lines>
            </method>
          </methods>
          <lines>
            <line number="17" hits="4" branch="False" />
            <line number="19" hits="10" branch="False" />
            <line number="21" hits="0" branch="False" />
            <line number="13" hits="10" branch="False" />
            <line number="14" hits="10" branch="False" />
            <line number="15" hits="10" branch="False" />
            <line number="16" hits="10" branch="False" />
          </lines>
        </class>
        <class name="ZeroSigma.Domain.Common.Results.NotFoundResults`1" filename="ZeroSigma.Domain\Common\Results\NotFoundResult.cs" line-rate="0.7142000000000001" branch-rate="1" complexity="4">
          <methods>
            <method name="get_ResultType" signature="()" line-rate="0" branch-rate="1" complexity="1">
              <lines>
                <line number="17" hits="0" branch="False" />
              </lines>
            </method>
            <method name="get_CustomProblemDetails" signature="()" line-rate="1" branch-rate="1" complexity="1">
              <lines>
                <line number="19" hits="1" branch="False" />
              </lines>
            </method>
            <method name="get_Data" signature="()" line-rate="0" branch-rate="1" complexity="1">
              <lines>
                <line number="21" hits="0" branch="False" />
              </lines>
            </method>
            <method name=".ctor" signature="(ZeroSigma.Domain.Common.Errors.CustomProblemDetails)" line-rate="1" branch-rate="1" complexity="1">
              <lines>
                <line number="13" hits="1" branch="False" />
                <line number="14" hits="1" branch="False" />
                <line number="15" hits="1" branch="False" />
                <line number="16" hits="1" branch="False" />
              </lines>
            </method>
          </methods>
          <lines>
            <line number="17" hits="0" branch="False" />
            <line number="19" hits="1" branch="False" />
            <line number="21" hits="0" branch="False" />
            <line number="13" hits="1" branch="False" />
            <line number="14" hits="1" branch="False" />
            <line number="15" hits="1" branch="False" />
            <line number="16" hits="1" branch="False" />
          </lines>
        </class>
        <class name="ZeroSigma.Domain.Common.Results.ResultToAction" filename="ZeroSigma.Domain\Common\Results\ResultToAction.cs" line-rate="0" branch-rate="0" complexity="8">
          <methods>
            <method name="FromResult" signature="(Microsoft.AspNetCore.Mvc.ControllerBase,ZeroSigma.Domain.Common.Results.Result`1&lt;T&gt;)" line-rate="0" branch-rate="0" complexity="8">
              <lines>
                <line number="13" hits="0" branch="False" />
                <line number="14" hits="0" branch="True" condition-coverage="0% (0/8)">
                  <conditions>
                    <condition number="11" type="switch" coverage="0%" />
                  </conditions>
                </line>
                <line number="17" hits="0" branch="False" />
                <line number="19" hits="0" branch="False" />
                <line number="20" hits="0" branch="False" />
                <line number="21" hits="0" branch="False" />
                <line number="22" hits="0" branch="False" />
                <line number="23" hits="0" branch="False" />
                <line number="24" hits="0" branch="False" />
                <line number="25" hits="0" branch="False" />
                <line number="26" hits="0" branch="False" />
                <line number="28" hits="0" branch="False" />
                <line number="29" hits="0" branch="False" />
                <line number="30" hits="0" branch="False" />
                <line number="31" hits="0" branch="False" />
                <line number="32" hits="0" branch="False" />
                <line number="33" hits="0" branch="False" />
                <line number="34" hits="0" branch="False" />
                <line number="35" hits="0" branch="False" />
                <line number="37" hits="0" branch="False" />
                <line number="38" hits="0" branch="False" />
                <line number="39" hits="0" branch="False" />
                <line number="40" hits="0" branch="False" />
                <line number="41" hits="0" branch="False" />
                <line number="42" hits="0" branch="False" />
                <line number="43" hits="0" branch="False" />
                <line number="44" hits="0" branch="False" />
                <line number="46" hits="0" branch="False" />
                <line number="47" hits="0" branch="False" />
                <line number="48" hits="0" branch="False" />
                <line number="49" hits="0" branch="False" />
                <line number="50" hits="0" branch="False" />
                <line number="51" hits="0" branch="False" />
                <line number="52" hits="0" branch="False" />
                <line number="53" hits="0" branch="False" />
                <line number="55" hits="0" branch="False" />
                <line number="57" hits="0" branch="False" />
              </lines>
            </method>
          </methods>
          <lines>
            <line number="13" hits="0" branch="False" />
            <line number="14" hits="0" branch="True" condition-coverage="0% (0/8)">
              <conditions>
                <condition number="11" type="switch" coverage="0%" />
              </conditions>
            </line>
            <line number="17" hits="0" branch="False" />
            <line number="19" hits="0" branch="False" />
            <line number="20" hits="0" branch="False" />
            <line number="21" hits="0" branch="False" />
            <line number="22" hits="0" branch="False" />
            <line number="23" hits="0" branch="False" />
            <line number="24" hits="0" branch="False" />
            <line number="25" hits="0" branch="False" />
            <line number="26" hits="0" branch="False" />
            <line number="28" hits="0" branch="False" />
            <line number="29" hits="0" branch="False" />
            <line number="30" hits="0" branch="False" />
            <line number="31" hits="0" branch="False" />
            <line number="32" hits="0" branch="False" />
            <line number="33" hits="0" branch="False" />
            <line number="34" hits="0" branch="False" />
            <line number="35" hits="0" branch="False" />
            <line number="37" hits="0" branch="False" />
            <line number="38" hits="0" branch="False" />
            <line number="39" hits="0" branch="False" />
            <line number="40" hits="0" branch="False" />
            <line number="41" hits="0" branch="False" />
            <line number="42" hits="0" branch="False" />
            <line number="43" hits="0" branch="False" />
            <line number="44" hits="0" branch="False" />
            <line number="46" hits="0" branch="False" />
            <line number="47" hits="0" branch="False" />
            <line number="48" hits="0" branch="False" />
            <line number="49" hits="0" branch="False" />
            <line number="50" hits="0" branch="False" />
            <line number="51" hits="0" branch="False" />
            <line number="52" hits="0" branch="False" />
            <line number="53" hits="0" branch="False" />
            <line number="55" hits="0" branch="False" />
            <line number="57" hits="0" branch="False" />
          </lines>
        </class>
        <class name="ZeroSigma.Domain.Common.Results.SuccessResult`1" filename="ZeroSigma.Domain\Common\Results\SuccessResult.cs" line-rate="0.8571" branch-rate="1" complexity="4">
          <methods>
            <method name="get_ResultType" signature="()" line-rate="1" branch-rate="1" complexity="1">
              <lines>
                <line number="20" hits="18" branch="False" />
              </lines>
            </method>
            <method name="get_CustomProblemDetails" signature="()" line-rate="0" branch-rate="1" complexity="1">
              <lines>
                <line number="21" hits="0" branch="False" />
              </lines>
            </method>
            <method name="get_Data" signature="()" line-rate="1" branch-rate="1" complexity="1">
              <lines>
                <line number="22" hits="36" branch="False" />
              </lines>
            </method>
            <method name=".ctor" signature="(T)" line-rate="1" branch-rate="1" complexity="1">
              <lines>
                <line number="15" hits="46" branch="False" />
                <line number="16" hits="46" branch="False" />
                <line number="18" hits="46" branch="False" />
                <line number="19" hits="46" branch="False" />
              </lines>
            </method>
          </methods>
          <lines>
            <line number="20" hits="18" branch="False" />
            <line number="21" hits="0" branch="False" />
            <line number="22" hits="36" branch="False" />
            <line number="15" hits="46" branch="False" />
            <line number="16" hits="46" branch="False" />
            <line number="18" hits="46" branch="False" />
            <line number="19" hits="46" branch="False" />
          </lines>
        </class>
        <class name="ZeroSigma.Domain.Common.Results.UnauthorizedResults`1" filename="ZeroSigma.Domain\Common\Results\UnauthorizedResult.cs" line-rate="0" branch-rate="1" complexity="4">
          <methods>
            <method name="get_ResultType" signature="()" line-rate="0" branch-rate="1" complexity="1">
              <lines>
                <line number="17" hits="0" branch="False" />
              </lines>
            </method>
            <method name="get_CustomProblemDetails" signature="()" line-rate="0" branch-rate="1" complexity="1">
              <lines>
                <line number="19" hits="0" branch="False" />
              </lines>
            </method>
            <method name="get_Data" signature="()" line-rate="0" branch-rate="1" complexity="1">
              <lines>
                <line number="21" hits="0" branch="False" />
              </lines>
            </method>
            <method name=".ctor" signature="(ZeroSigma.Domain.Common.Errors.CustomProblemDetails)" line-rate="0" branch-rate="1" complexity="1">
              <lines>
                <line number="13" hits="0" branch="False" />
                <line number="14" hits="0" branch="False" />
                <line number="15" hits="0" branch="False" />
                <line number="16" hits="0" branch="False" />
              </lines>
            </method>
          </methods>
          <lines>
            <line number="17" hits="0" branch="False" />
            <line number="19" hits="0" branch="False" />
            <line number="21" hits="0" branch="False" />
            <line number="13" hits="0" branch="False" />
            <line number="14" hits="0" branch="False" />
            <line number="15" hits="0" branch="False" />
            <line number="16" hits="0" branch="False" />
          </lines>
        </class>
        <class name="ZeroSigma.Domain.Common.Results.UnexpectedResult`1" filename="ZeroSigma.Domain\Common\Results\UnexpectedResult.cs" line-rate="0" branch-rate="1" complexity="4">
          <methods>
            <method name="get_ResultType" signature="()" line-rate="0" branch-rate="1" complexity="1">
              <lines>
                <line number="17" hits="0" branch="False" />
              </lines>
            </method>
            <method name="get_CustomProblemDetails" signature="()" line-rate="0" branch-rate="1" complexity="1">
              <lines>
                <line number="19" hits="0" branch="False" />
              </lines>
            </method>
            <method name="get_Data" signature="()" line-rate="0" branch-rate="1" complexity="1">
              <lines>
                <line number="21" hits="0" branch="False" />
              </lines>
            </method>
            <method name=".ctor" signature="(ZeroSigma.Domain.Common.Errors.CustomProblemDetails)" line-rate="0" branch-rate="1" complexity="1">
              <lines>
                <line number="13" hits="0" branch="False" />
                <line number="14" hits="0" branch="False" />
                <line number="15" hits="0" branch="False" />
                <line number="16" hits="0" branch="False" />
              </lines>
            </method>
          </methods>
          <lines>
            <line number="17" hits="0" branch="False" />
            <line number="19" hits="0" branch="False" />
            <line number="21" hits="0" branch="False" />
            <line number="13" hits="0" branch="False" />
            <line number="14" hits="0" branch="False" />
            <line number="15" hits="0" branch="False" />
            <line number="16" hits="0" branch="False" />
          </lines>
        </class>
        <class name="ZeroSigma.Domain.Common.Errors.CustomProblemDetails" filename="ZeroSigma.Domain\Common\Errors\CustomPoblemDetails.cs" line-rate="1" branch-rate="1" complexity="5">
          <methods>
            <method name="get_Status" signature="()" line-rate="1" branch-rate="1" complexity="1">
              <lines>
                <line number="14" hits="11" branch="False" />
              </lines>
            </method>
            <method name="get_Type" signature="()" line-rate="1" branch-rate="1" complexity="1">
              <lines>
                <line number="15" hits="22" branch="False" />
              </lines>
            </method>
            <method name="get_Title" signature="()" line-rate="1" branch-rate="1" complexity="1">
              <lines>
                <line number="16" hits="22" branch="False" />
              </lines>
            </method>
            <method name="get_Detail" signature="()" line-rate="1" branch-rate="1" complexity="1">
              <lines>
                <line number="17" hits="22" branch="False" />
              </lines>
            </method>
            <method name="get_Code" signature="()" line-rate="1" branch-rate="1" complexity="1">
              <lines>
                <line number="18" hits="22" branch="False" />
              </lines>
            </method>
          </methods>
          <lines>
            <line number="14" hits="11" branch="False" />
            <line number="15" hits="22" branch="False" />
            <line number="16" hits="22" branch="False" />
            <line number="17" hits="22" branch="False" />
            <line number="18" hits="22" branch="False" />
          </lines>
        </class>
      </classes>
    </package>
  </packages>
</coverage>